<?xml version="1.0" encoding="UTF-8"?>
<testng-results ignored="0" total="2" passed="2" failed="0" skipped="0">
  <reporter-output>
  </reporter-output>
  <suite started-at="2025-02-04T10:54:26 MYT" name="Surefire suite" finished-at="2025-02-04T10:54:27 MYT" duration-ms="1192">
    <groups>
    </groups>
    <test started-at="2025-02-04T10:54:26 MYT" name="Surefire test" finished-at="2025-02-04T10:54:27 MYT" duration-ms="1192">
      <class name="mainTest">
        <test-method is-config="true" signature="setUp()[pri:0, instance:mainTest@7dda48d9]" started-at="2025-02-04T10:54:26 MYT" name="setUp" finished-at="2025-02-04T10:54:26 MYT" duration-ms="14" status="PASS">
          <reporter-output>
          </reporter-output>
        </test-method> <!-- setUp -->
        <test-method signature="test_Assert()[pri:0, instance:mainTest@7dda48d9]" started-at="2025-02-04T10:54:26 MYT" name="test_Assert" finished-at="2025-02-04T10:54:26 MYT" duration-ms="4" status="PASS">
          <reporter-output>
          </reporter-output>
        </test-method> <!-- test_Assert -->
        <test-method signature="tryTest()[pri:0, instance:mainTest@7dda48d9]" started-at="2025-02-04T10:54:26 MYT" name="tryTest" finished-at="2025-02-04T10:54:27 MYT" duration-ms="886" status="PASS">
          <reporter-output>
          </reporter-output>
        </test-method> <!-- tryTest -->
        <test-method is-config="true" signature="end()[pri:0, instance:mainTest@7dda48d9]" started-at="2025-02-04T10:54:27 MYT" name="end" finished-at="2025-02-04T10:54:27 MYT" duration-ms="248" status="PASS">
          <reporter-output>
          </reporter-output>
        </test-method> <!-- end -->
      </class> <!-- mainTest -->
    </test> <!-- Surefire test -->
  </suite> <!-- Surefire suite -->
</testng-results>
